{"total": {"lines":{"total":75,"covered":75,"skipped":0,"pct":100},"statements":{"total":75,"covered":75,"skipped":0,"pct":100},"functions":{"total":7,"covered":7,"skipped":0,"pct":100},"branches":{"total":14,"covered":14,"skipped":0,"pct":100}}
,"C:\\SoftwareStuff\\Projects\\email-templator\\src\\email-templator.ts": {"lines":{"total":75,"covered":75,"skipped":0,"pct":100},"functions":{"total":7,"covered":7,"skipped":0,"pct":100},"statements":{"total":75,"covered":75,"skipped":0,"pct":100},"branches":{"total":14,"covered":14,"skipped":0,"pct":100}}
}
