{"total": {"lines":{"total":97,"covered":95,"skipped":0,"pct":97.94},"statements":{"total":97,"covered":95,"skipped":0,"pct":97.94},"functions":{"total":7,"covered":7,"skipped":0,"pct":100},"branches":{"total":14,"covered":13,"skipped":0,"pct":92.86}}
,"C:\\SoftwareStuff\\Projects\\email-templator\\src\\email-templator.ts": {"lines":{"total":97,"covered":95,"skipped":0,"pct":97.94},"functions":{"total":7,"covered":7,"skipped":0,"pct":100},"statements":{"total":97,"covered":95,"skipped":0,"pct":97.94},"branches":{"total":14,"covered":13,"skipped":0,"pct":92.86}}
}
