TN:
SF:src\email-templator.ts
FN:8,EmailTemplator
FN:10,Object.<anonymous>.EmailTemplator.generateMarkup
FN:20,reg
FN:21,anyExists
FN:37,Object.<anonymous>.EmailTemplator.processStyleFields
FN:49,attr
FN:54,attr
FNF:7
FNH:7
FNDA:1,EmailTemplator
FNDA:4,Object.<anonymous>.EmailTemplator.generateMarkup
FNDA:16,reg
FNDA:4,anyExists
FNDA:4,Object.<anonymous>.EmailTemplator.processStyleFields
FNDA:1,attr
FNDA:2,attr
DA:1,1
DA:2,1
DA:3,1
DA:4,1
DA:5,1
DA:6,1
DA:7,1
DA:8,1
DA:9,1
DA:10,1
DA:11,4
DA:12,4
DA:13,4
DA:14,4
DA:15,4
DA:16,4
DA:17,4
DA:18,4
DA:19,4
DA:20,4
DA:21,4
DA:22,4
DA:23,4
DA:24,4
DA:25,4
DA:26,4
DA:27,4
DA:28,8
DA:29,8
DA:30,8
DA:31,8
DA:32,4
DA:33,4
DA:34,4
DA:35,4
DA:36,1
DA:37,1
DA:38,4
DA:39,4
DA:40,4
DA:41,4
DA:42,4
DA:43,4
DA:44,4
DA:45,4
DA:46,4
DA:47,4
DA:48,4
DA:49,4
DA:50,4
DA:51,4
DA:52,4
DA:53,4
DA:54,4
DA:55,4
DA:56,4
DA:57,4
DA:58,4
DA:59,4
DA:60,8
DA:61,8
DA:62,3
DA:63,3
DA:64,3
DA:65,8
DA:66,4
DA:67,4
DA:68,4
DA:69,4
DA:70,4
DA:71,4
DA:72,4
DA:73,4
DA:74,4
DA:75,1
LF:75
LH:75
BRDA:8,0,0,1
BRDA:8,1,0,1
BRDA:10,2,0,4
BRDA:20,3,0,16
BRDA:21,4,0,4
BRDA:23,5,0,8
BRDA:27,6,0,8
BRDA:37,7,0,4
BRDA:40,8,0,4
BRDA:49,9,0,1
BRDA:54,10,0,2
BRDA:59,11,0,8
BRDA:61,12,0,5
BRDA:61,13,0,3
BRF:14
BRH:14
end_of_record
