TN:
SF:src\email-templator.ts
FN:8,EmailTemplator
FN:10,Object.<anonymous>.EmailTemplator.generateMarkup
FN:22,reg
FN:23,anyExists
FN:45,Object.<anonymous>.EmailTemplator.processStyleFields
FN:60,attr
FN:65,attr
FN:92,Object.<anonymous>.EmailTemplator.analyzeStyles
FNF:8
FNH:8
FNDA:1,EmailTemplator
FNDA:4,Object.<anonymous>.EmailTemplator.generateMarkup
FNDA:16,reg
FNDA:4,anyExists
FNDA:4,Object.<anonymous>.EmailTemplator.processStyleFields
FNDA:1,attr
FNDA:2,attr
FNDA:4,Object.<anonymous>.EmailTemplator.analyzeStyles
DA:1,1
DA:2,1
DA:3,1
DA:4,1
DA:5,1
DA:6,1
DA:7,1
DA:8,1
DA:9,1
DA:10,1
DA:11,4
DA:12,4
DA:13,4
DA:14,4
DA:15,4
DA:16,4
DA:17,4
DA:18,4
DA:19,4
DA:20,4
DA:21,4
DA:22,4
DA:23,4
DA:24,4
DA:25,4
DA:26,4
DA:27,4
DA:28,4
DA:29,4
DA:30,4
DA:31,8
DA:32,8
DA:33,8
DA:34,8
DA:35,4
DA:36,4
DA:37,4
DA:38,4
DA:39,1
DA:40,1
DA:41,1
DA:42,1
DA:43,1
DA:44,1
DA:45,1
DA:46,4
DA:47,4
DA:48,4
DA:49,4
DA:50,4
DA:51,4
DA:52,4
DA:53,4
DA:54,4
DA:55,4
DA:56,4
DA:57,4
DA:58,4
DA:59,4
DA:60,4
DA:61,4
DA:62,4
DA:63,4
DA:64,4
DA:65,4
DA:66,4
DA:67,4
DA:68,4
DA:69,4
DA:70,4
DA:71,8
DA:72,8
DA:73,3
DA:74,3
DA:75,3
DA:76,8
DA:77,4
DA:78,4
DA:79,4
DA:80,4
DA:81,4
DA:82,4
DA:83,4
DA:84,4
DA:85,4
DA:86,4
DA:87,1
DA:88,1
DA:89,1
DA:90,1
DA:91,1
DA:92,1
DA:93,4
DA:94,0
DA:95,0
DA:96,4
DA:97,1
LF:97
LH:95
BRDA:8,0,0,1
BRDA:8,1,0,1
BRDA:10,2,0,4
BRDA:22,3,0,16
BRDA:23,4,0,4
BRDA:25,5,0,8
BRDA:30,6,0,8
BRDA:45,7,0,4
BRDA:48,8,0,4
BRDA:60,9,0,1
BRDA:65,10,0,2
BRDA:70,11,0,8
BRDA:72,12,0,5
BRDA:72,13,0,3
BRDA:92,14,0,4
BRDA:93,15,0,0
BRF:16
BRH:15
end_of_record
